<?xml version="1.0" encoding="UTF-8"?>
<!-- Generated by org.testng.reporters.JUnitReportReporter -->
<testsuite hostname="DESKTOP-QQVH2Q6" failures="0" tests="1" name="org.framework.AppiumFrameworkDesign1.EcommerceTC4" time="31.946" errors="0" timestamp="20 Mar 2023 13:11:33 GMT" skipped="0">
  <testcase classname="org.framework.AppiumFrameworkDesign1.EcommerceTC4" name="FillForm" time="31.946"/>
</testsuite> <!-- org.framework.AppiumFrameworkDesign1.EcommerceTC4 -->
