<?xml version="1.0" encoding="UTF-8"?>
<!-- Generated by org.testng.reporters.JUnitReportReporter -->
<testsuite hostname="DESKTOP-QQVH2Q6" failures="0" tests="1" name="org.framework.AppiumFrameworkDesign1.EcommerseTC4Dupicate" time="0.000" errors="0" timestamp="18 Mar 2023 21:16:19 GMT" skipped="1">
  <testcase classname="org.framework.AppiumFrameworkDesign1.EcommerseTC4Dupicate" name="FillForm" time="0.000">
    <skipped/>
  </testcase> <!-- FillForm -->
</testsuite> <!-- org.framework.AppiumFrameworkDesign1.EcommerseTC4Dupicate -->
