<?xml version="1.0" encoding="UTF-8"?>
<!-- Generated by org.testng.reporters.JUnitReportReporter -->
<testsuite hostname="DESKTOP-QQVH2Q6" failures="0" tests="1" name="org.framework.AppiumFrameworkDesign1.EcommerceTC1" time="28.173" errors="0" timestamp="20 Mar 2023 13:11:34 GMT" skipped="0">
  <testcase classname="org.framework.AppiumFrameworkDesign1.EcommerceTC1" name="FillForm_ErrorValidation" time="28.173"/>
</testsuite> <!-- org.framework.AppiumFrameworkDesign1.EcommerceTC1 -->
