<?xml version="1.0" encoding="UTF-8"?>
<!-- Generated by org.testng.reporters.JUnitReportReporter -->
<testsuite hostname="DESKTOP-QQVH2Q6" failures="0" tests="1" name="org.framework.Utill.ExtentReportsDemo" time="70.453" errors="0" timestamp="19 Mar 2023 17:26:11 GMT" skipped="0">
  <testcase classname="org.framework.Utill.ExtentReportsDemo" name="initialDemo" time="70.453"/>
</testsuite> <!-- org.framework.Utill.ExtentReportsDemo -->
